<?xml version="1.0" encoding="UTF-8"?>
<testng-results ignored="0" total="2" passed="2" failed="0" skipped="0">
  <reporter-output>
  </reporter-output>
  <suite started-at="2023-07-07T12:33:16 IST" name="Suite" finished-at="2023-07-07T12:34:21 IST" duration-ms="64439">
    <groups>
    </groups>
    <test started-at="2023-07-07T12:33:16 IST" name="Test" finished-at="2023-07-07T12:34:21 IST" duration-ms="64439">
      <class name="Test.CreateAccountTest">
        <test-method is-config="true" signature="setup()[pri:0, instance:Test.CreateAccountTest@f0da945]" started-at="2023-07-07T12:33:17 IST" name="setup" finished-at="2023-07-07T12:33:29 IST" duration-ms="12319" status="PASS">
          <reporter-output>
          </reporter-output>
        </test-method> <!-- setup -->
        <test-method signature="testlogin()[pri:0, instance:Test.CreateAccountTest@f0da945]" started-at="2023-07-07T12:33:29 IST" name="testlogin" finished-at="2023-07-07T12:33:46 IST" duration-ms="17328" status="PASS">
          <reporter-output>
          </reporter-output>
        </test-method> <!-- testlogin -->
      </class> <!-- Test.CreateAccountTest -->
      <class name="Test.ShopTest">
        <test-method is-config="true" signature="setup()[pri:0, instance:Test.ShopTest@31fa1761]" started-at="2023-07-07T12:33:46 IST" name="setup" finished-at="2023-07-07T12:33:59 IST" duration-ms="12687" status="PASS">
          <reporter-output>
          </reporter-output>
        </test-method> <!-- setup -->
        <test-method signature="testshop()[pri:0, instance:Test.ShopTest@31fa1761]" started-at="2023-07-07T12:33:59 IST" name="testshop" finished-at="2023-07-07T12:34:21 IST" duration-ms="22011" status="PASS">
          <reporter-output>
          </reporter-output>
        </test-method> <!-- testshop -->
      </class> <!-- Test.ShopTest -->
    </test> <!-- Test -->
  </suite> <!-- Suite -->
</testng-results>
